<?xml version="1.0" encoding="UTF-8"?>
<testsuite name="AnagramTest" tests="12" skipped="0" failures="0" errors="0" timestamp="2019-07-01T20:39:42" hostname="Srimathis-MacBook-Pro.local" time="0.016">
  <properties/>
  <testcase name="testCaseInsensitiveWhenBothAnagramAndSubjectStartWithUpperCaseLetter" classname="AnagramTest" time="0.007"/>
  <testcase name="testEliminateAnagramSubsets" classname="AnagramTest" time="0.0"/>
  <testcase name="testAnagramMustUseAllLettersExactlyOnce" classname="AnagramTest" time="0.0"/>
  <testcase name="testIdenticalWordRepeatedIsNotAnagram" classname="AnagramTest" time="0.0"/>
  <testcase name="testDetectMultipleAnagramsForLongerWord" classname="AnagramTest" time="0.001"/>
  <testcase name="testDetectMultipleAnagrams" classname="AnagramTest" time="0.001"/>
  <testcase name="testWordsAreNotAnagramsOfThemselvesCaseInsensitive" classname="AnagramTest" time="0.001"/>
  <testcase name="testCaseInsensitiveWhenSubjectStartsWithUpperCaseLetter" classname="AnagramTest" time="0.001"/>
  <testcase name="testCaseInsensitiveWhenAnagramStartsWithUpperCaseLetter" classname="AnagramTest" time="0.001"/>
  <testcase name="testDetectLongerAnagram" classname="AnagramTest" time="0.001"/>
  <testcase name="testNoMatches" classname="AnagramTest" time="0.0"/>
  <testcase name="testEliminateAnagramsWithSameChecksum" classname="AnagramTest" time="0.001"/>
  <system-out><![CDATA[{a=1, r=2, c=1, s=1, t=1, e=1, h=1, o=1}
{a=1, r=2, c=1, s=1, t=1, e=1, h=1, o=1}
{d=1, g=1, o=2}
{p=2, a=1, r=1, t=1, e=1}
{p=1, a=1, r=1, t=2, e=1}
{g=1, o=1}
{a=1, r=1, e=1, g=1, y=1, l=2}
{a=1, r=1, e=1, g=1, y=1, l=2}
{a=1, r=1, e=1, g=1, y=1, l=2}
{a=1, r=1, e=1, g=1, y=1, l=2}
{a=1, d=1, e=1, g=1, i=1, l=1, n=1}
{a=1, r=1, s=1, t=1, e=1, m=1}
{a=1, r=1, s=1, t=1, e=1, m=1}
{p=1, e=1, g=1, i=1, n=1, o=1}
{a=1, r=1, s=1, t=1, e=1, m=1}
{a=3, b=1, n=2}
{a=1, r=2, c=1, s=1, t=1, e=1, h=1, o=1}
{a=1, r=2, c=1, s=1, t=1, e=1, h=1, o=1}
{a=1, r=2, c=1, s=1, t=1, e=1, h=1, o=1}
{a=1, r=2, c=1, s=1, t=1, e=1, h=1, o=1}
{s=1, t=1, e=1, i=1, l=1, n=1}
{e=1, g=2, l=1, o=2}
{s=1, t=1, e=1, i=1, l=1, n=1}
{a=3, b=1, n=2}
{p=1, a=1, r=1, d=1, e=1, i=1}
{a=1, s=2, m=1}
{a=1, s=1, t=1, l=1}
]]></system-out>
  <system-err><![CDATA[]]></system-err>
</testsuite>
